#
# There is insufficient memory for the Java Runtime Environment to continue.
# Native memory allocation (malloc) failed to allocate 262160 bytes for Chunk::new
# Possible reasons:
#   The system is out of physical RAM or swap space
#   The process is running with CompressedOops enabled, and the Java Heap may be blocking the growth of the native heap
# Possible solutions:
#   Reduce memory load on the system
#   Increase physical memory or swap space
#   Check if swap backing store is full
#   Decrease Java heap size (-Xmx/-Xms)
#   Decrease number of Java threads
#   Decrease Java thread stack sizes (-Xss)
#   Set larger code cache with -XX:ReservedCodeCacheSize=
#   JVM is running with Unscaled Compressed Oops mode in which the Java heap is
#     placed in the first 4GB address space. The Java Heap base address is the
#     maximum limit for the native heap growth. Please use -XX:HeapBaseMinAddress
#     to set the Java Heap base and to place the Java Heap above 4GB virtual address.
# This output file may be truncated or incomplete.
#
#  Out of Memory Error (allocation.cpp:389), pid=1536, tid=0x0000000000001bc0
#
# JRE version: OpenJDK Runtime Environment (8.0_212-b04) (build 1.8.0_212-release-1586-b04)
# Java VM: OpenJDK 64-Bit Server VM (25.212-b04 mixed mode windows-amd64 compressed oops)
# Failed to write core dump. Minidumps are not enabled by default on client versions of Windows
#

---------------  T H R E A D  ---------------

Current thread (0x0000000019dcb800):  JavaThread "C2 CompilerThread1" daemon [_thread_in_native, id=7104, stack(0x000000001a7a0000,0x000000001a8a0000)]

Stack: [0x000000001a7a0000,0x000000001a8a0000]
[error occurred during error reporting (printing stack bounds), id 0xc0000005]

Native frames: (J=compiled Java code, j=interpreted, Vv=VM code, C=native code)


Current CompileTask:
C2:   1863 1537       4       java.net.URLClassLoader$1::run (5 bytes)


---------------  P R O C E S S  ---------------

Java Threads: ( => current thread )
  0x0000000019e1a800 JavaThread "Service Thread" daemon [_thread_blocked, id=4268, stack(0x000000001aaa0000,0x000000001aba0000)]
  0x0000000019dd4000 JavaThread "C1 CompilerThread3" daemon [_thread_blocked, id=6096, stack(0x000000001a9a0000,0x000000001aaa0000)]
  0x0000000019dd1000 JavaThread "C2 CompilerThread2" daemon [_thread_blocked, id=9936, stack(0x000000001a8a0000,0x000000001a9a0000)]
=>0x0000000019dcb800 JavaThread "C2 CompilerThread1" daemon [_thread_in_native, id=7104, stack(0x000000001a7a0000,0x000000001a8a0000)]
  0x0000000019dc8800 JavaThread "C2 CompilerThread0" daemon [_thread_in_native, id=12040, stack(0x000000001a6a0000,0x000000001a7a0000)]
  0x0000000019dc3800 JavaThread "Attach Listener" daemon [_thread_blocked, id=19020, stack(0x000000001a5a0000,0x000000001a6a0000)]
  0x0000000019dc2800 JavaThread "Signal Dispatcher" daemon [_thread_blocked, id=7272, stack(0x000000001a4a0000,0x000000001a5a0000)]
  0x0000000017fc3000 JavaThread "Finalizer" daemon [_thread_blocked, id=18672, stack(0x000000001a290000,0x000000001a390000)]
  0x0000000019db0800 JavaThread "Reference Handler" daemon [_thread_blocked, id=10408, stack(0x000000001a190000,0x000000001a290000)]
  0x0000000002f19000 JavaThread "main" [_thread_in_vm, id=12004, stack(0x0000000002e10000,0x0000000002f10000)]

Other Threads:
  0x000000000300e800 VMThread [stack: 0x0000000019c90000,0x0000000019d90000] [id=5240]
  0x0000000019e1b800 WatcherThread [stack: 0x000000001aba0000,0x000000001aca0000] [id=13404]

VM state:not at safepoint (normal execution)

VM Mutex/Monitor currently owned by a thread: None

heap address: 0x0000000081e00000, size: 2018 MB, Compressed Oops mode: 32-bit
Narrow klass base: 0x0000000000000000, Narrow klass shift: 3
Compressed class space size: 1073741824 Address: 0x0000000100000000

Heap:
 PSYoungGen      total 38400K, used 22300K [0x00000000d5f80000, 0x00000000d8a00000, 0x0000000100000000)
  eden space 33280K, 67% used [0x00000000d5f80000,0x00000000d7547290,0x00000000d8000000)
  from space 5120K, 0% used [0x00000000d8000000,0x00000000d8000000,0x00000000d8500000)
  to   space 5120K, 0% used [0x00000000d8500000,0x00000000d8500000,0x00000000d8a00000)
 ParOldGen       total 66560K, used 8859K [0x0000000081e00000, 0x0000000085f00000, 0x00000000d5f80000)
  object space 66560K, 13% used [0x0000000081e00000,0x00000000826a6c40,0x0000000085f00000)
 Metaspace       used 21855K, capacity 22306K, committed 22448K, reserved 1069056K
  class space    used 2620K, capacity 2793K, committed 2816K, reserved 1048576K

Card table byte_map: [0x00000000123e0000,0x00000000127e0000] byte_map_base: 0x0000000011fd1000

Marking Bits: (ParMarkBitMap*) 0x0000000060679f30
 Begin Bits: [0x0000000013290000, 0x0000000015218000)
 End Bits:   [0x0000000015218000, 0x00000000171a0000)

Polling page: 0x00000000015f0000

CodeCache: size=245760Kb used=5205Kb max_used=5217Kb free=240554Kb
 bounds [0x0000000003020000, 0x0000000003540000, 0x0000000012020000]
 total_blobs=2130 nmethods=1718 adapters=325
 compilation: enabled

Compilation events (10 events):
Event: 1.847 Thread 0x0000000019dd1000 1716       4       java.lang.AbstractStringBuilder::append (144 bytes)
Event: 1.851 Thread 0x0000000019dd4000 1717       3       java.util.jar.Manifest$FastInputStream::readLine (167 bytes)
Event: 1.852 Thread 0x0000000019dd4000 nmethod 1717 0x0000000003536f50 code [0x0000000003537100, 0x00000000035376b8]
Event: 1.859 Thread 0x0000000019dd4000 1719       3       kotlin.sequences.FlatteningSequence$iterator$1::ensureItemIterator (112 bytes)
Event: 1.859 Thread 0x0000000019dd4000 nmethod 1719 0x0000000003537990 code [0x0000000003537b80, 0x00000000035384f8]
Event: 1.859 Thread 0x0000000019dd4000 1720       1       org.jetbrains.kotlin.cli.jvm.index.JavaRoot::getFile (5 bytes)
Event: 1.859 Thread 0x0000000019dd4000 nmethod 1720 0x0000000003538790 code [0x00000000035388e0, 0x00000000035389f0]
Event: 1.860 Thread 0x0000000019dd1000 nmethod 1716 0x000000000353be50 code [0x000000000353bfc0, 0x000000000353c7b8]
Event: 1.860 Thread 0x0000000019dd1000 1718       4       java.security.CodeSource::getCertificates (98 bytes)
Event: 1.860 Thread 0x0000000019dd1000 nmethod 1718 0x00000000034ff050 code [0x00000000034ff180, 0x00000000034ff218]

GC Heap History (8 events):
Event: 0.676 GC heap before
{Heap before GC invocations=1 (full 0):
 PSYoungGen      total 38400K, used 33280K [0x00000000d5f80000, 0x00000000d8a00000, 0x0000000100000000)
  eden space 33280K, 100% used [0x00000000d5f80000,0x00000000d8000000,0x00000000d8000000)
  from space 5120K, 0% used [0x00000000d8500000,0x00000000d8500000,0x00000000d8a00000)
  to   space 5120K, 0% used [0x00000000d8000000,0x00000000d8000000,0x00000000d8500000)
 ParOldGen       total 87552K, used 0K [0x0000000081e00000, 0x0000000087380000, 0x00000000d5f80000)
  object space 87552K, 0% used [0x0000000081e00000,0x0000000081e00000,0x0000000087380000)
 Metaspace       used 9977K, capacity 10220K, committed 10496K, reserved 1058816K
  class space    used 1104K, capacity 1180K, committed 1280K, reserved 1048576K
Event: 0.683 GC heap after
Heap after GC invocations=1 (full 0):
 PSYoungGen      total 38400K, used 5089K [0x00000000d5f80000, 0x00000000d8a00000, 0x0000000100000000)
  eden space 33280K, 0% used [0x00000000d5f80000,0x00000000d5f80000,0x00000000d8000000)
  from space 5120K, 99% used [0x00000000d8000000,0x00000000d84f8740,0x00000000d8500000)
  to   space 5120K, 0% used [0x00000000d8500000,0x00000000d8500000,0x00000000d8a00000)
 ParOldGen       total 87552K, used 2835K [0x0000000081e00000, 0x0000000087380000, 0x00000000d5f80000)
  object space 87552K, 3% used [0x0000000081e00000,0x00000000820c4c38,0x0000000087380000)
 Metaspace       used 9977K, capacity 10220K, committed 10496K, reserved 1058816K
  class space    used 1104K, capacity 1180K, committed 1280K, reserved 1048576K
}
Event: 1.188 GC heap before
{Heap before GC invocations=2 (full 0):
 PSYoungGen      total 38400K, used 38369K [0x00000000d5f80000, 0x00000000d8a00000, 0x0000000100000000)
  eden space 33280K, 100% used [0x00000000d5f80000,0x00000000d8000000,0x00000000d8000000)
  from space 5120K, 99% used [0x00000000d8000000,0x00000000d84f8740,0x00000000d8500000)
  to   space 5120K, 0% used [0x00000000d8500000,0x00000000d8500000,0x00000000d8a00000)
 ParOldGen       total 87552K, used 2835K [0x0000000081e00000, 0x0000000087380000, 0x00000000d5f80000)
  object space 87552K, 3% used [0x0000000081e00000,0x00000000820c4c38,0x0000000087380000)
 Metaspace       used 16074K, capacity 16360K, committed 16640K, reserved 1064960K
  class space    used 1902K, capacity 1988K, committed 2048K, reserved 1048576K
Event: 1.197 GC heap after
Heap after GC invocations=2 (full 0):
 PSYoungGen      total 38400K, used 5117K [0x00000000d5f80000, 0x00000000d8a00000, 0x0000000100000000)
  eden space 33280K, 0% used [0x00000000d5f80000,0x00000000d5f80000,0x00000000d8000000)
  from space 5120K, 99% used [0x00000000d8500000,0x00000000d89ff538,0x00000000d8a00000)
  to   space 5120K, 0% used [0x00000000d8000000,0x00000000d8000000,0x00000000d8500000)
 ParOldGen       total 87552K, used 7944K [0x0000000081e00000, 0x0000000087380000, 0x00000000d5f80000)
  object space 87552K, 9% used [0x0000000081e00000,0x00000000825c23e8,0x0000000087380000)
 Metaspace       used 16074K, capacity 16360K, committed 16640K, reserved 1064960K
  class space    used 1902K, capacity 1988K, committed 2048K, reserved 1048576K
}
Event: 1.481 GC heap before
{Heap before GC invocations=3 (full 0):
 PSYoungGen      total 38400K, used 22045K [0x00000000d5f80000, 0x00000000d8a00000, 0x0000000100000000)
  eden space 33280K, 50% used [0x00000000d5f80000,0x00000000d7008110,0x00000000d8000000)
  from space 5120K, 99% used [0x00000000d8500000,0x00000000d89ff538,0x00000000d8a00000)
  to   space 5120K, 0% used [0x00000000d8000000,0x00000000d8000000,0x00000000d8500000)
 ParOldGen       total 87552K, used 7944K [0x0000000081e00000, 0x0000000087380000, 0x00000000d5f80000)
  object space 87552K, 9% used [0x0000000081e00000,0x00000000825c23e8,0x0000000087380000)
 Metaspace       used 20787K, capacity 21162K, committed 21296K, reserved 1069056K
  class space    used 2473K, capacity 2629K, committed 2688K, reserved 1048576K
Event: 1.489 GC heap after
Heap after GC invocations=3 (full 0):
 PSYoungGen      total 38400K, used 5103K [0x00000000d5f80000, 0x00000000d8a00000, 0x0000000100000000)
  eden space 33280K, 0% used [0x00000000d5f80000,0x00000000d5f80000,0x00000000d8000000)
  from space 5120K, 99% used [0x00000000d8000000,0x00000000d84fbd80,0x00000000d8500000)
  to   space 5120K, 0% used [0x00000000d8500000,0x00000000d8500000,0x00000000d8a00000)
 ParOldGen       total 87552K, used 11873K [0x0000000081e00000, 0x0000000087380000, 0x00000000d5f80000)
  object space 87552K, 13% used [0x0000000081e00000,0x00000000829984e0,0x0000000087380000)
 Metaspace       used 20787K, capacity 21162K, committed 21296K, reserved 1069056K
  class space    used 2473K, capacity 2629K, committed 2688K, reserved 1048576K
}
Event: 1.489 GC heap before
{Heap before GC invocations=4 (full 1):
 PSYoungGen      total 38400K, used 5103K [0x00000000d5f80000, 0x00000000d8a00000, 0x0000000100000000)
  eden space 33280K, 0% used [0x00000000d5f80000,0x00000000d5f80000,0x00000000d8000000)
  from space 5120K, 99% used [0x00000000d8000000,0x00000000d84fbd80,0x00000000d8500000)
  to   space 5120K, 0% used [0x00000000d8500000,0x00000000d8500000,0x00000000d8a00000)
 ParOldGen       total 87552K, used 11873K [0x0000000081e00000, 0x0000000087380000, 0x00000000d5f80000)
  object space 87552K, 13% used [0x0000000081e00000,0x00000000829984e0,0x0000000087380000)
 Metaspace       used 20787K, capacity 21162K, committed 21296K, reserved 1069056K
  class space    used 2473K, capacity 2629K, committed 2688K, reserved 1048576K
Event: 1.522 GC heap after
Heap after GC invocations=4 (full 1):
 PSYoungGen      total 38400K, used 0K [0x00000000d5f80000, 0x00000000d8a00000, 0x0000000100000000)
  eden space 33280K, 0% used [0x00000000d5f80000,0x00000000d5f80000,0x00000000d8000000)
  from space 5120K, 0% used [0x00000000d8000000,0x00000000d8000000,0x00000000d8500000)
  to   space 5120K, 0% used [0x00000000d8500000,0x00000000d8500000,0x00000000d8a00000)
 ParOldGen       total 66560K, used 8859K [0x0000000081e00000, 0x0000000085f00000, 0x00000000d5f80000)
  object space 66560K, 13% used [0x0000000081e00000,0x00000000826a6c40,0x0000000085f00000)
 Metaspace       used 20787K, capacity 21162K, committed 21296K, reserved 1069056K
  class space    used 2473K, capacity 2629K, committed 2688K, reserved 1048576K
}

Deoptimization events (10 events):
Event: 1.302 Thread 0x0000000002f19000 Uncommon trap: reason=unstable_if action=reinterpret pc=0x0000000003407f98 method=sun.reflect.annotation.AnnotationInvocationHandler.invoke(Ljava/lang/Object;Ljava/lang/reflect/Method;[Ljava/lang/Object;)Ljava/lang/Object; @ 255
Event: 1.378 Thread 0x0000000002f19000 Uncommon trap: reason=class_check action=maybe_recompile pc=0x0000000003371380 method=java.util.Collections$UnmodifiableCollection.size()I @ 4
Event: 1.378 Thread 0x0000000002f19000 Uncommon trap: reason=class_check action=maybe_recompile pc=0x0000000003387a6c method=java.util.Collections$UnmodifiableList.get(I)Ljava/lang/Object; @ 5
Event: 1.379 Thread 0x0000000002f19000 Uncommon trap: reason=class_check action=maybe_recompile pc=0x0000000003387a6c method=java.util.Collections$UnmodifiableList.get(I)Ljava/lang/Object; @ 5
Event: 1.380 Thread 0x0000000002f19000 Uncommon trap: reason=class_check action=maybe_recompile pc=0x0000000003371380 method=java.util.Collections$UnmodifiableCollection.size()I @ 4
Event: 1.380 Thread 0x0000000002f19000 Uncommon trap: reason=class_check action=maybe_recompile pc=0x0000000003387a6c method=java.util.Collections$UnmodifiableList.get(I)Ljava/lang/Object; @ 5
Event: 1.380 Thread 0x0000000002f19000 Uncommon trap: reason=class_check action=maybe_recompile pc=0x0000000003387a6c method=java.util.Collections$UnmodifiableList.get(I)Ljava/lang/Object; @ 5
Event: 1.381 Thread 0x0000000002f19000 Uncommon trap: reason=unstable_if action=reinterpret pc=0x00000000031ce6c8 method=java.lang.String.startsWith(Ljava/lang/String;I)Z @ 25
Event: 1.597 Thread 0x0000000002f19000 Uncommon trap: reason=unstable_if action=reinterpret pc=0x000000000338cfe4 method=java.lang.String.<init>([CII)V @ 18
Event: 1.640 Thread 0x0000000002f19000 Uncommon trap: reason=unstable_if action=reinterpret pc=0x00000000034ec53c method=org.jetbrains.kotlin.com.intellij.openapi.vfs.impl.ZipEntryMap.isTheOne(Lorg/jetbrains/kotlin/com/intellij/openapi/vfs/impl/ArchiveHandler$EntryInfo;Ljava/lang/CharSequence;

Classes redefined (0 events):
No events

Internal exceptions (10 events):
Event: 0.389 Thread 0x0000000002f19000 Exception <a 'java/security/PrivilegedActionException'> (0x00000000d6d60d28) thrown at [D:\src\AOSP-openjdk-cygwin\jdk8u\hotspot\src\share\vm\prims\jvm.cpp, line 1502]
Event: 0.389 Thread 0x0000000002f19000 Exception <a 'java/security/PrivilegedActionException'> (0x00000000d6d61120) thrown at [D:\src\AOSP-openjdk-cygwin\jdk8u\hotspot\src\share\vm\prims\jvm.cpp, line 1502]
Event: 0.589 Thread 0x0000000002f19000 Exception <a 'java/lang/ArrayIndexOutOfBoundsException'> (0x00000000d7a52748) thrown at [D:\src\AOSP-openjdk-cygwin\jdk8u\hotspot\src\share\vm\runtime\sharedRuntime.cpp, line 605]
Event: 0.748 Thread 0x0000000002f19000 Exception <a 'java/lang/ArrayIndexOutOfBoundsException'> (0x00000000d6385d70) thrown at [D:\src\AOSP-openjdk-cygwin\jdk8u\hotspot\src\share\vm\runtime\sharedRuntime.cpp, line 605]
Event: 1.119 Thread 0x0000000002f19000 Implicit null exception at 0x00000000032cd7af to 0x00000000032cd819
Event: 1.182 Thread 0x0000000002f19000 Exception <a 'java/lang/NoSuchMethodError': java.lang.Object.lambda$comparing$77a9974f$1(Ljava/util/function/Function;Ljava/lang/Object;Ljava/lang/Object;)I> (0x00000000d7fab458) thrown at [D:\src\AOSP-openjdk-cygwin\jdk8u\hotspot\src\share\vm\interpreter
Event: 1.206 Thread 0x0000000002f19000 Exception <a 'java/lang/NoSuchMethodError': java.lang.Object.lambda$static$0()J> (0x00000000d6023ae8) thrown at [D:\src\AOSP-openjdk-cygwin\jdk8u\hotspot\src\share\vm\interpreter\linkResolver.cpp, line 620]
Event: 1.342 Thread 0x0000000002f19000 Exception <a 'java/lang/NoSuchMethodError': java.lang.Object.lambda$static$0(I)[Lorg/jetbrains/kotlin/com/intellij/openapi/editor/event/DocumentListener;> (0x00000000d6793d78) thrown at [D:\src\AOSP-openjdk-cygwin\jdk8u\hotspot\src\share\vm\interpreter\li
Event: 1.370 Thread 0x0000000002f19000 Exception <a 'java/lang/NoSuchMethodError': java.lang.Object.lambda$static$0(I)[Lorg/jetbrains/kotlin/com/intellij/psi/PsiAnnotation;> (0x00000000d69941a8) thrown at [D:\src\AOSP-openjdk-cygwin\jdk8u\hotspot\src\share\vm\interpreter\linkResolver.cpp, line
Event: 1.460 Thread 0x0000000002f19000 Exception <a 'java/lang/NoSuchMethodError': java.lang.Object.lambda$static$0(I)[Lorg/jetbrains/kotlin/com/intellij/psi/PsiElement;> (0x00000000d6ec3a68) thrown at [D:\src\AOSP-openjdk-cygwin\jdk8u\hotspot\src\share\vm\interpreter\linkResolver.cpp, line 62

Events (10 events):
Event: 1.861 loading class org/jetbrains/kotlin/config/AppendJavaSourceRootsHandlerKeyKt
Event: 1.861 loading class org/jetbrains/kotlin/config/AppendJavaSourceRootsHandlerKeyKt done
Event: 1.861 loading class org/jetbrains/kotlin/cli/jvm/compiler/KotlinCoreEnvironment$8
Event: 1.861 loading class org/jetbrains/kotlin/cli/jvm/compiler/KotlinCoreEnvironment$8 done
Event: 1.862 loading class org/jetbrains/kotlin/load/kotlin/ModuleVisibilityManager$SERVICE
Event: 1.862 loading class org/jetbrains/kotlin/load/kotlin/ModuleVisibilityManager$SERVICE done
Event: 1.862 loading class org/jetbrains/kotlin/cli/jvm/compiler/KotlinToJVMBytecodeCompiler$compileModules$targetDescription$1
Event: 1.862 loading class org/jetbrains/kotlin/cli/jvm/compiler/KotlinToJVMBytecodeCompiler$compileModules$targetDescription$1 done
Event: 1.862 loading class org/jetbrains/kotlin/cli/common/messages/AnalyzerWithCompilerReport
Event: 1.862 loading class org/jetbrains/kotlin/cli/common/messages/AnalyzerWithCompilerReport done


Dynamic libraries:
0x00007ff64ab90000 - 0x00007ff64abc1000 	C:\Program Files\Android\Android Studio\jre\jre\bin\java.exe
0x00007ffdc7c60000 - 0x00007ffdc7e50000 	C:\WINDOWS\SYSTEM32\ntdll.dll
0x00007ffdc7800000 - 0x00007ffdc78b2000 	C:\WINDOWS\System32\KERNEL32.DLL
0x00007ffdc5610000 - 0x00007ffdc58b3000 	C:\WINDOWS\System32\KERNELBASE.dll
0x00007ffdc78c0000 - 0x00007ffdc7963000 	C:\WINDOWS\System32\ADVAPI32.dll
0x00007ffdc72c0000 - 0x00007ffdc735e000 	C:\WINDOWS\System32\msvcrt.dll
0x00007ffdc6bd0000 - 0x00007ffdc6c67000 	C:\WINDOWS\System32\sechost.dll
0x00007ffdc7440000 - 0x00007ffdc7560000 	C:\WINDOWS\System32\RPCRT4.dll
0x00007ffdc64b0000 - 0x00007ffdc6644000 	C:\WINDOWS\System32\USER32.dll
0x00007ffdc5c60000 - 0x00007ffdc5c81000 	C:\WINDOWS\System32\win32u.dll
0x00007ffdc6ac0000 - 0x00007ffdc6ae6000 	C:\WINDOWS\System32\GDI32.dll
0x00007ffdc5ac0000 - 0x00007ffdc5c54000 	C:\WINDOWS\System32\gdi32full.dll
0x00007ffdc4cf0000 - 0x00007ffdc4d8e000 	C:\WINDOWS\System32\msvcp_win.dll
0x00007ffdc4bf0000 - 0x00007ffdc4cea000 	C:\WINDOWS\System32\ucrtbase.dll
0x00007ffdb4270000 - 0x00007ffdb44f5000 	C:\WINDOWS\WinSxS\amd64_microsoft.windows.common-controls_6595b64144ccf1df_6.0.18362.720_none_e6beb5c51314836b\COMCTL32.dll
0x00007ffdc6e30000 - 0x00007ffdc7166000 	C:\WINDOWS\System32\combase.dll
0x00007ffdc5c90000 - 0x00007ffdc5d10000 	C:\WINDOWS\System32\bcryptPrimitives.dll
0x00007ffdc77d0000 - 0x00007ffdc77fe000 	C:\WINDOWS\System32\IMM32.DLL
0x000000005fdd0000 - 0x000000005fea2000 	C:\Program Files\Android\Android Studio\jre\jre\bin\msvcr100.dll
0x000000005feb0000 - 0x00000000606f6000 	C:\Program Files\Android\Android Studio\jre\jre\bin\server\jvm.dll
0x00007ffdc7360000 - 0x00007ffdc7368000 	C:\WINDOWS\System32\PSAPI.DLL
0x00007ffdb2170000 - 0x00007ffdb2179000 	C:\WINDOWS\SYSTEM32\WSOCK32.dll
0x00007ffdbddb0000 - 0x00007ffdbddba000 	C:\WINDOWS\SYSTEM32\VERSION.dll
0x00007ffdc0e40000 - 0x00007ffdc0e64000 	C:\WINDOWS\SYSTEM32\WINMM.dll
0x00007ffdc79e0000 - 0x00007ffdc7a4f000 	C:\WINDOWS\System32\WS2_32.dll
0x00007ffdc0e10000 - 0x00007ffdc0e3d000 	C:\WINDOWS\SYSTEM32\winmmbase.dll
0x00007ffdc58c0000 - 0x00007ffdc590a000 	C:\WINDOWS\System32\cfgmgr32.dll
0x00007ffdc0e00000 - 0x00007ffdc0e0f000 	C:\Program Files\Android\Android Studio\jre\jre\bin\verify.dll
0x00007ffdbd850000 - 0x00007ffdbd879000 	C:\Program Files\Android\Android Studio\jre\jre\bin\java.dll
0x00007ffdbfb00000 - 0x00007ffdbfb16000 	C:\Program Files\Android\Android Studio\jre\jre\bin\zip.dll
0x00007ffdc5d10000 - 0x00007ffdc63f5000 	C:\WINDOWS\System32\SHELL32.dll
0x00007ffdc6400000 - 0x00007ffdc64a9000 	C:\WINDOWS\System32\shcore.dll
0x00007ffdc4e70000 - 0x00007ffdc55f0000 	C:\WINDOWS\System32\windows.storage.dll
0x00007ffdc4b80000 - 0x00007ffdc4ba3000 	C:\WINDOWS\System32\profapi.dll
0x00007ffdc4b30000 - 0x00007ffdc4b7a000 	C:\WINDOWS\System32\powrprof.dll
0x00007ffdc4b20000 - 0x00007ffdc4b30000 	C:\WINDOWS\System32\UMPDC.dll
0x00007ffdc7560000 - 0x00007ffdc75b2000 	C:\WINDOWS\System32\shlwapi.dll
0x00007ffdc4bd0000 - 0x00007ffdc4be1000 	C:\WINDOWS\System32\kernel.appcore.dll
0x00007ffdc55f0000 - 0x00007ffdc5607000 	C:\WINDOWS\System32\cryptsp.dll
0x00007ffdbcb80000 - 0x00007ffdbcb9a000 	C:\Program Files\Android\Android Studio\jre\jre\bin\net.dll
0x00007ffdb4e30000 - 0x00007ffdb5005000 	C:\WINDOWS\SYSTEM32\urlmon.dll
0x00007ffdb4b80000 - 0x00007ffdb4e26000 	C:\WINDOWS\SYSTEM32\iertutil.dll
0x00007ffdc4560000 - 0x00007ffdc456c000 	C:\WINDOWS\SYSTEM32\CRYPTBASE.DLL
0x00007ffdc4390000 - 0x00007ffdc43f7000 	C:\WINDOWS\system32\mswsock.dll
0x00007ffdb2180000 - 0x00007ffdb2193000 	C:\Program Files\Android\Android Studio\jre\jre\bin\nio.dll

VM Arguments:
java_command: org.jetbrains.kotlin.cli.jvm.K2JVMCompiler -Xallow-no-source-files -classpath D:\Kevin\ProjectAndroid\Dicoding\AppTA\app\build\intermediates\compile_and_runtime_not_namespaced_r_class_jar\debug\R.jar;C:\Users\ASUS\.gradle\caches\transforms-2\files-2.1\906801bd8eedd543c2fcbd8760c214dc\jetified-kotlin-android-extensions-runtime-1.3.61.jar;C:\Users\ASUS\.gradle\caches\transforms-2\files-2.1\a6ee74fb178b3ea5a892efce09fbf14f\jetified-kotlin-stdlib-jdk7-1.3.61.jar;C:\Users\ASUS\.gradle\caches\transforms-2\files-2.1\f9053ffe6eb4c0b6bc3a43d3938c94ec\navigation-fragment-ktx-2.2.1-api.jar;C:\Users\ASUS\.gradle\caches\transforms-2\files-2.1\80df87cd56988b23cad028b97d7d1517\jetified-fragment-ktx-1.2.0-api.jar;C:\Users\ASUS\.gradle\caches\transforms-2\files-2.1\a2611981ce809453548962f24e6b65a9\navigation-ui-ktx-2.2.1-api.jar;C:\Users\ASUS\.gradle\caches\transforms-2\files-2.1\2eb8872764fb0b4d6976d5238fd32260\navigation-runtime-ktx-2.2.1-api.jar;C:\Users\ASUS\.gradle\caches\transforms-2\files-2.1\3e0e59220a08d2c41537acafeb5408de\jetified-activity-ktx-1.1.0-api.jar;C:\Users\ASUS\.gradle\caches\transforms-2\files-2.1\412e466d8257540697ce17fc76cf2156\jetified-core-ktx-1.2.0-api.jar;C:\Users\ASUS\.gradle\caches\transforms-2\files-2.1\3378e1a760383acf22df2f4a50a1b039\jetified-lifecycle-viewmodel-ktx-2.2.0-api.jar;C:\Users\ASUS\.gradle\caches\transforms-2\files-2.1\525ff9bdaffe573b3fff0d6b6b67d62e\navigation-common-ktx-2.2.1-api.jar;C:\Users\ASUS\.gradle\caches\transforms-2\files-2.1\f9d03d3acbc337d38af2bfb1624c6090\jetified-collection-ktx-1.1.0.jar;C:\Users\ASUS\.gradle\caches\transforms-2\files-2.1\aae2adc45971121b48146921338a6c1c\jetified-lifecycle-livedata-core-ktx-2.2.0-api.jar;C:\Users\ASUS\.gradle\caches\transforms-2\files-2.1\10763fd26fdc8ae0b2fe57dda3b6ea42\jetified-lifecycle-runtime-ktx-2.2.0-api.jar;C:\Users\ASUS\.gradle\caches\transforms-2\files-2.1\9ad918abc7a89ed147e64e6caa7f1f52\jetified-kotlinx-coroutines-android-1.3.0.jar;C:\Users\ASUS\.gradle\caches\tr
java_class_path (initial): C:\Users\ASUS\.gradle\caches\modules-2\files-2.1\org.jetbrains.kotlin\kotlin-compiler-embeddable\1.3.61\c35c0833d5a1e3d229359758482c480306724618\kotlin-compiler-embeddable-1.3.61.jar;C:\Users\ASUS\.gradle\caches\modules-2\files-2.1\org.jetbrains.kotlin\kotlin-reflect\1.3.61\2e07c9a84c9e118efb70eede7e579fd663932122\kotlin-reflect-1.3.61.jar;C:\Users\ASUS\.gradle\caches\modules-2\files-2.1\org.jetbrains.kotlin\kotlin-stdlib\1.3.61\4702105e97f7396ae41b113fdbdc180ec1eb1e36\kotlin-stdlib-1.3.61.jar;C:\Users\ASUS\.gradle\caches\modules-2\files-2.1\org.jetbrains.kotlin\kotlin-script-runtime\1.3.61\e5feb39c8de63dcbdc1154b34ca4413874231605\kotlin-script-runtime-1.3.61.jar;C:\Users\ASUS\.gradle\caches\modules-2\files-2.1\org.jetbrains.kotlin\kotlin-daemon-embeddable\1.3.61\4de83e41a92c8395d89ab2e81d26b788ba163824\kotlin-daemon-embeddable-1.3.61.jar;C:\Users\ASUS\.gradle\caches\modules-2\files-2.1\org.jetbrains.intellij.deps\trove4j\1.0.20181211\216c2e14b070f334479d800987affe4054cd563f\trove4j-1.0.20181211.jar;C:\Users\ASUS\.gradle\caches\modules-2\files-2.1\org.jetbrains.kotlin\kotlin-stdlib-common\1.3.61\65abb71d5afb850b68be03987b08e2c864ca3110\kotlin-stdlib-common-1.3.61.jar;C:\Users\ASUS\.gradle\caches\modules-2\files-2.1\org.jetbrains\annotations\13.0\919f0dfe192fb4e063e7dacadee7f8bb9a2672a9\annotations-13.0.jar;C:\Program Files\Android\Android Studio\jre\lib\tools.jar
Launcher Type: SUN_STANDARD

Environment Variables:
JAVA_HOME=C:\Program Files (x86)\java\jdk-13.0.2
PATH=C:\Program Files (x86)\Intel\iCLS Client\;C:\Program Files\Intel\iCLS Client\;C:\ProgramData\Oracle\Java\javapath;C:\Windows\system32;C:\Windows;C:\Windows\System32\Wbem;C:\Windows\System32\WindowsPowerShell\v1.0\;C:\Windows\System32\OpenSSH\;C:\Program Files (x86)\Intel\Intel(R) Management Engine Components\DAL;C:\Program Files\Intel\Intel(R) Management Engine Components\DAL;C:\Program Files (x86)\Intel\Intel(R) Management Engine Components\IPT;C:\Program Files\Intel\Intel(R) Management Engine Components\IPT;C:\Program Files (x86)\NVIDIA Corporation\PhysX\Common;D:\App\Git\cmd;C:\Program Files\NVIDIA Corporation\NVIDIA NvDLISR;D:\App\Print Conductor;C:\WINDOWS\system32;C:\WINDOWS;C:\WINDOWS\System32\Wbem;C:\WINDOWS\System32\WindowsPowerShell\v1.0\;C:\WINDOWS\System32\OpenSSH\;C:\Program Files\nodejs\;%JAVA_HOME%\bin;C:\gradle\gradle-6.2.2\bin;C:\Users\ASUS\AppData\Local\Microsoft\WindowsApps;C:\Program Files\JetBrains\IntelliJ IDEA Community Edition 2019.1.3\bin;;D:\App\Print Conductor;C:\Users\ASUS\AppData\Roaming\npm;C:\Users\ASUS\AppData\Local\Programs\Microsoft VS Code\bin
USERNAME=ASUS
OS=Windows_NT
PROCESSOR_IDENTIFIER=Intel64 Family 6 Model 142 Stepping 10, GenuineIntel



---------------  S Y S T E M  ---------------

OS: Windows 10.0 , 64 bit Build 18362 (10.0.18362.329)

CPU:total 8 (initial active 8) (4 cores per cpu, 2 threads per core) family 6 model 142 stepping 10, cmov, cx8, fxsr, mmx, sse, sse2, sse3, ssse3, sse4.1, sse4.2, popcnt, avx, avx2, aes, clmul, erms, 3dnowpref, lzcnt, ht, tsc, tscinvbit, bmi1, bmi2, adx

Memory: 4k page, physical 8264600k(2629136k free), swap 23817108k(5252k free)

vm_info: OpenJDK 64-Bit Server VM (25.212-b04) for windows-amd64 JRE (1.8.0_212-release-1586-b04), built by "builder" with MS VC++ 10.0 (VS2010)

time: Sun Apr 12 15:43:30 2020
timezone: SE Asia Standard Time
elapsed time: 1 seconds (0d 0h 0m 1s)

